Arguments: 
  /usr/local/Cellar/node/11.6.0/bin/node /usr/local/Cellar/yarn/1.13.0/libexec/bin/yarn.js install

PATH: 
  /Users/okcomputer/.gem/ruby/2.5.3/bin:/Users/okcomputer/.rubies/ruby-2.5.3/lib/ruby/gems/2.5.0/bin:/Users/okcomputer/.rubies/ruby-2.5.3/bin:/usr/local/bin:/usr/bin:/bin:/usr/sbin:/sbin:/usr/local/Cellar/yarn/1.13.0/bin:/usr/local/Cellar/yarn/1.13.0/bin

Yarn version: 
  1.13.0

Node version: 
  11.6.0

Platform: 
  darwin x64

Trace: 
  SyntaxError: /Users/okcomputer/Desktop/super-galactice-age-calculator/package.json: Unexpected token } in JSON at position 978
      at JSON.parse (<anonymous>)
      at /usr/local/Cellar/yarn/1.13.0/libexec/lib/cli.js:1625:59
      at Generator.next (<anonymous>)
      at step (/usr/local/Cellar/yarn/1.13.0/libexec/lib/cli.js:304:30)
      at /usr/local/Cellar/yarn/1.13.0/libexec/lib/cli.js:315:13

npm manifest: 
  {
    "name": "super-galactice-age-calculator",
    "version": "1.0.0",
    "main": "index.js",
    "scripts": {
      "build": "webpack --mode development",
      "start": "npm run build; webpack-dev-server --open --mode development",
      "lint": "eslint src/*.js",
      "test": "karma start karma.conf.js"
    },
    "license": "MIT",
    "devDependencies": {
      "clean-webpack-plugin": "^1.0.0",
      "css-loader": "^2.1.0",
      "eslint": "^5.12.0",
      "eslint-loader": "^2.1.1",
      "html-webpack-plugin": "^3.2.0",
      "jasmine": "^3.3.1",
      "karma": "^3.1.4",
      "karma-chrome-launcher": "^2.2.0",
      "karma-cli": "^2.0.0",
      "karma-jasmine": "^2.0.1",
      "karma-jasmine-html-reporter": "^1.4.0",
      "karma-sourcemap-loader": "^0.3.7",
      "karma-webpack": "3.0.0",
      "style-loader": "^0.23.1",
      "uglifyjs-webpack-plugin": "^2.1.1",
      "webpack": "4.28.3",
      "webpack-cli": "^3.2.0",
      "webpack-dev-server": "^3.1.14"
    },
    "dependencies": {
      "bootstrap": "^4.2.1",
    }
  
  }

yarn manifest: 
  No manifest

Lockfile: 
  # THIS IS AN AUTOGENERATED FILE. DO NOT EDIT THIS FILE DIRECTLY.
  # yarn lockfile v1
